2014-05-15 18:18:02,603 [http-bio-8080-exec-9] ERROR StackTrace  - Full Stack Trace:
org.codehaus.groovy.control.MultipleCompilationErrorsException: startup failed:
/home/mansi/projects/fileUploadAjaxDemo/grails-app/controllers/fileuploadajaxdemo/DemoController.groovy: 9: unable to resolve class BillingIssuesCO 
 @ line 9, column 39.
       def submitReportMisappliedPayment(BillingIssuesCO billingIssuesCO) {
                                         ^

/home/mansi/projects/fileUploadAjaxDemo/grails-app/controllers/fileuploadajaxdemo/DemoController.groovy: 10: unable to resolve class ValidationResult 
 @ line 10, column 26.
           ValidationResult validationResult = billingDetailManager.validateAndSubmitReportMisappliedPayment(billingIssuesCO, guid)
                            ^

/home/mansi/projects/fileUploadAjaxDemo/grails-app/controllers/fileuploadajaxdemo/DemoController.groovy: 12: unable to resolve class BillingIssue 
 @ line 12, column 26.
               BillingIssue billingIssue = billingIssuesCO.convertToBillingIssueClassObject(billingIssuesCO, BillingIssueKind.ISSUEKIND_PAYMENTS_MISAPPLIED)
                            ^

3 errors

	at org.codehaus.groovy.control.ErrorCollector.failIfErrors(ErrorCollector.java:309)
	at org.codehaus.groovy.control.CompilationUnit.applyToSourceUnits(CompilationUnit.java:927)
	at org.codehaus.groovy.control.CompilationUnit.doPhaseOperation(CompilationUnit.java:574)
	at org.codehaus.groovy.control.CompilationUnit.compile(CompilationUnit.java:523)
	at org.codehaus.groovy.control.CompilationUnit.compile(CompilationUnit.java:506)
	at org.codehaus.groovy.tools.FileSystemCompiler.compile(FileSystemCompiler.java:59)
	at org.codehaus.groovy.tools.FileSystemCompiler.doCompilation(FileSystemCompiler.java:215)
	at org.codehaus.groovy.ant.Groovyc.runCompiler(Groovyc.java:1104)
	at org.codehaus.groovy.ant.Groovyc.compile(Groovyc.java:1155)
	at org.codehaus.groovy.grails.compiler.Grailsc.compile(Grailsc.java:78)
	at org.codehaus.groovy.ant.Groovyc.execute(Groovyc.java:770)
	at org.apache.tools.ant.UnknownElement.execute(UnknownElement.java:291)
	at sun.reflect.NativeMethodAccessorImpl.invoke0(Native Method)
	at sun.reflect.NativeMethodAccessorImpl.invoke(NativeMethodAccessorImpl.java:57)
	at sun.reflect.DelegatingMethodAccessorImpl.invoke(DelegatingMethodAccessorImpl.java:43)
	at java.lang.reflect.Method.invoke(Method.java:601)
	at org.springsource.loaded.ri.ReflectiveInterceptor.jlrMethodInvoke(ReflectiveInterceptor.java:1260)
	at org.apache.tools.ant.dispatch.DispatchUtils.execute(DispatchUtils.java:106)
	at groovy.util.AntBuilder.performTask(AntBuilder.java:319)
	at groovy.util.AntBuilder.nodeCompleted(AntBuilder.java:264)
	at groovy.util.BuilderSupport.doInvokeMethod(BuilderSupport.java:147)
	at groovy.util.AntBuilder.doInvokeMethod(AntBuilder.java:203)
	at groovy.util.BuilderSupport.invokeMethod(BuilderSupport.java:64)
	at org.codehaus.groovy.runtime.callsite.PogoMetaClassSite.call(PogoMetaClassSite.java:45)
	at org.codehaus.groovy.runtime.callsite.CallSiteArray.defaultCall(CallSiteArray.java:45)
	at org.codehaus.groovy.runtime.callsite.AbstractCallSite.call(AbstractCallSite.java:108)
	at org.codehaus.groovy.runtime.callsite.AbstractCallSite.call(AbstractCallSite.java:120)
	at org.codehaus.groovy.grails.compiler.GrailsProjectCompiler.compile(GrailsProjectCompiler.groovy:296)
	at org.codehaus.groovy.grails.compiler.GrailsProjectCompiler$compile$3.callCurrent(Unknown Source)
	at org.codehaus.groovy.runtime.callsite.CallSiteArray.defaultCallCurrent(CallSiteArray.java:49)
	at org.codehaus.groovy.runtime.callsite.AbstractCallSite.callCurrent(AbstractCallSite.java:133)
	at org.codehaus.groovy.runtime.callsite.AbstractCallSite.callCurrent(AbstractCallSite.java:141)
	at org.codehaus.groovy.grails.compiler.GrailsProjectCompiler.compile(GrailsProjectCompiler.groovy:263)
	at org.codehaus.groovy.grails.compiler.GrailsProjectCompiler.compileAll(GrailsProjectCompiler.groovy:254)
	at org.codehaus.groovy.grails.compiler.GrailsProjectWatcher.compileIfSource(GrailsProjectWatcher.java:279)
	at org.codehaus.groovy.grails.compiler.GrailsProjectWatcher.access$300(GrailsProjectWatcher.java:46)
	at org.codehaus.groovy.grails.compiler.GrailsProjectWatcher$1.onChange(GrailsProjectWatcher.java:153)
	at org.codehaus.groovy.grails.compiler.DirectoryWatcher.fireOnChange(DirectoryWatcher.java:174)
	at org.codehaus.groovy.grails.compiler.DirectoryWatcher.run(DirectoryWatcher.java:156)
	at org.codehaus.groovy.grails.compiler.GrailsProjectWatcher.run(GrailsProjectWatcher.java:178)
	at java_lang_Runnable$run.call(Unknown Source)
	at org.codehaus.groovy.runtime.callsite.CallSiteArray.defaultCall(CallSiteArray.java:45)
	at org.codehaus.groovy.runtime.callsite.AbstractCallSite.call(AbstractCallSite.java:108)
	at org.codehaus.groovy.runtime.callsite.AbstractCallSite.call(AbstractCallSite.java:112)
	at org.codehaus.groovy.grails.cli.fork.ForkedGrailsProcess.startProjectWatcher(ForkedGrailsProcess.groovy:707)
	at sun.reflect.NativeMethodAccessorImpl.invoke0(Native Method)
	at sun.reflect.NativeMethodAccessorImpl.invoke(NativeMethodAccessorImpl.java:57)
	at sun.reflect.DelegatingMethodAccessorImpl.invoke(DelegatingMethodAccessorImpl.java:43)
	at java.lang.reflect.Method.invoke(Method.java:601)
	at org.springsource.loaded.ri.ReflectiveInterceptor.jlrMethodInvoke(ReflectiveInterceptor.java:1254)
	at org.codehaus.groovy.reflection.CachedMethod.invoke(CachedMethod.java:90)
	at groovy.lang.MetaMethod.doMethodInvoke(MetaMethod.java:233)
	at groovy.lang.MetaClassImpl.invokeMethod(MetaClassImpl.java:1086)
	at groovy.lang.MetaClassImpl.invokeMethod(MetaClassImpl.java:910)
	at groovy.lang.MetaClassImpl.invokeMethod(MetaClassImpl.java:1031)
	at groovy.lang.ExpandoMetaClass.invokeMethod(ExpandoMetaClass.java:1110)
	at groovy.lang.MetaClassImpl.invokeMethod(MetaClassImpl.java:910)
	at org.codehaus.groovy.runtime.callsite.PogoMetaClassSite.callCurrent(PogoMetaClassSite.java:66)
	at org.codehaus.groovy.runtime.callsite.CallSiteArray.defaultCallCurrent(CallSiteArray.java:49)
	at org.codehaus.groovy.runtime.callsite.AbstractCallSite.callCurrent(AbstractCallSite.java:133)
	at org.codehaus.groovy.runtime.callsite.AbstractCallSite.callCurrent(AbstractCallSite.java:145)
	at org.codehaus.groovy.grails.cli.fork.ForkedGrailsProcess$_setupReloading_closure16.doCall(ForkedGrailsProcess.groovy:696)
	at org.codehaus.groovy.grails.cli.fork.ForkedGrailsProcess$_setupReloading_closure16.doCall(ForkedGrailsProcess.groovy)
	at sun.reflect.NativeMethodAccessorImpl.invoke0(Native Method)
	at sun.reflect.NativeMethodAccessorImpl.invoke(NativeMethodAccessorImpl.java:57)
	at sun.reflect.DelegatingMethodAccessorImpl.invoke(DelegatingMethodAccessorImpl.java:43)
	at java.lang.reflect.Method.invoke(Method.java:601)
	at org.springsource.loaded.ri.ReflectiveInterceptor.jlrMethodInvoke(ReflectiveInterceptor.java:1254)
	at org.codehaus.groovy.reflection.CachedMethod.invoke(CachedMethod.java:90)
	at groovy.lang.MetaMethod.doMethodInvoke(MetaMethod.java:233)
	at groovy.lang.MetaClassImpl.invokeMethod(MetaClassImpl.java:1086)
	at groovy.lang.ExpandoMetaClass.invokeMethod(ExpandoMetaClass.java:1110)
	at groovy.lang.MetaClassImpl.invokeMethod(MetaClassImpl.java:910)
	at groovy.lang.Closure.call(Closure.java:411)
	at groovy.lang.Closure.call(Closure.java:405)
	at groovy.lang.Closure.run(Closure.java:492)
	at java.lang.Thread.run(Thread.java:722)
2014-05-15 18:18:02,605 [http-bio-8080-exec-9] ERROR StackTrace  - Full Stack Trace:
org.codehaus.groovy.control.MultipleCompilationErrorsException: startup failed:
/home/mansi/projects/fileUploadAjaxDemo/grails-app/controllers/fileuploadajaxdemo/DemoController.groovy: 9: unable to resolve class BillingIssuesCO 
 @ line 9, column 39.
       def submitReportMisappliedPayment(BillingIssuesCO billingIssuesCO) {
                                         ^

/home/mansi/projects/fileUploadAjaxDemo/grails-app/controllers/fileuploadajaxdemo/DemoController.groovy: 10: unable to resolve class ValidationResult 
 @ line 10, column 26.
           ValidationResult validationResult = billingDetailManager.validateAndSubmitReportMisappliedPayment(billingIssuesCO, guid)
                            ^

/home/mansi/projects/fileUploadAjaxDemo/grails-app/controllers/fileuploadajaxdemo/DemoController.groovy: 12: unable to resolve class BillingIssue 
 @ line 12, column 26.
               BillingIssue billingIssue = billingIssuesCO.convertToBillingIssueClassObject(billingIssuesCO, BillingIssueKind.ISSUEKIND_PAYMENTS_MISAPPLIED)
                            ^

3 errors

	at org.codehaus.groovy.control.ErrorCollector.failIfErrors(ErrorCollector.java:309)
	at org.codehaus.groovy.control.CompilationUnit.applyToSourceUnits(CompilationUnit.java:927)
	at org.codehaus.groovy.control.CompilationUnit.doPhaseOperation(CompilationUnit.java:574)
	at org.codehaus.groovy.control.CompilationUnit.compile(CompilationUnit.java:523)
	at org.codehaus.groovy.control.CompilationUnit.compile(CompilationUnit.java:506)
	at org.codehaus.groovy.tools.FileSystemCompiler.compile(FileSystemCompiler.java:59)
	at org.codehaus.groovy.tools.FileSystemCompiler.doCompilation(FileSystemCompiler.java:215)
	at org.codehaus.groovy.ant.Groovyc.runCompiler(Groovyc.java:1104)
	at org.codehaus.groovy.ant.Groovyc.compile(Groovyc.java:1155)
	at org.codehaus.groovy.ant.Groovyc.execute(Groovyc.java:770)
	at org.apache.tools.ant.UnknownElement.execute(UnknownElement.java:291)
	at org.apache.tools.ant.dispatch.DispatchUtils.execute(DispatchUtils.java:106)
	at java.lang.Thread.run(Thread.java:722)
2014-05-15 18:18:02,641 [http-bio-8080-exec-9] ERROR StackTrace  - Full Stack Trace:
org.codehaus.groovy.control.MultipleCompilationErrorsException: startup failed:
/home/mansi/projects/fileUploadAjaxDemo/grails-app/controllers/fileuploadajaxdemo/DemoController.groovy: 9: unable to resolve class BillingIssuesCO 
 @ line 9, column 39.
       def submitReportMisappliedPayment(BillingIssuesCO billingIssuesCO) {
                                         ^

/home/mansi/projects/fileUploadAjaxDemo/grails-app/controllers/fileuploadajaxdemo/DemoController.groovy: 10: unable to resolve class ValidationResult 
 @ line 10, column 26.
           ValidationResult validationResult = billingDetailManager.validateAndSubmitReportMisappliedPayment(billingIssuesCO, guid)
                            ^

/home/mansi/projects/fileUploadAjaxDemo/grails-app/controllers/fileuploadajaxdemo/DemoController.groovy: 12: unable to resolve class BillingIssue 
 @ line 12, column 26.
               BillingIssue billingIssue = billingIssuesCO.convertToBillingIssueClassObject(billingIssuesCO, BillingIssueKind.ISSUEKIND_PAYMENTS_MISAPPLIED)
                            ^

3 errors

	at org.codehaus.groovy.control.ErrorCollector.failIfErrors(ErrorCollector.java:309)
	at org.codehaus.groovy.control.CompilationUnit.applyToSourceUnits(CompilationUnit.java:927)
	at org.codehaus.groovy.control.CompilationUnit.doPhaseOperation(CompilationUnit.java:574)
	at org.codehaus.groovy.control.CompilationUnit.compile(CompilationUnit.java:523)
	at org.codehaus.groovy.control.CompilationUnit.compile(CompilationUnit.java:506)
	at org.codehaus.groovy.tools.FileSystemCompiler.compile(FileSystemCompiler.java:59)
	at org.codehaus.groovy.tools.FileSystemCompiler.doCompilation(FileSystemCompiler.java:215)
	at org.codehaus.groovy.ant.Groovyc.runCompiler(Groovyc.java:1104)
	at org.codehaus.groovy.ant.Groovyc.compile(Groovyc.java:1155)
	at org.codehaus.groovy.ant.Groovyc.execute(Groovyc.java:770)
	at org.apache.tools.ant.UnknownElement.execute(UnknownElement.java:291)
	at org.apache.tools.ant.dispatch.DispatchUtils.execute(DispatchUtils.java:106)
	at java.lang.Thread.run(Thread.java:722)
2014-05-15 18:18:02,641 [http-bio-8080-exec-9] ERROR StackTrace  - Full Stack Trace:
org.codehaus.groovy.control.MultipleCompilationErrorsException: startup failed:
/home/mansi/projects/fileUploadAjaxDemo/grails-app/controllers/fileuploadajaxdemo/DemoController.groovy: 9: unable to resolve class BillingIssuesCO 
 @ line 9, column 39.
       def submitReportMisappliedPayment(BillingIssuesCO billingIssuesCO) {
                                         ^

/home/mansi/projects/fileUploadAjaxDemo/grails-app/controllers/fileuploadajaxdemo/DemoController.groovy: 10: unable to resolve class ValidationResult 
 @ line 10, column 26.
           ValidationResult validationResult = billingDetailManager.validateAndSubmitReportMisappliedPayment(billingIssuesCO, guid)
                            ^

/home/mansi/projects/fileUploadAjaxDemo/grails-app/controllers/fileuploadajaxdemo/DemoController.groovy: 12: unable to resolve class BillingIssue 
 @ line 12, column 26.
               BillingIssue billingIssue = billingIssuesCO.convertToBillingIssueClassObject(billingIssuesCO, BillingIssueKind.ISSUEKIND_PAYMENTS_MISAPPLIED)
                            ^

3 errors

	at org.codehaus.groovy.control.ErrorCollector.failIfErrors(ErrorCollector.java:309)
	at org.codehaus.groovy.control.CompilationUnit.applyToSourceUnits(CompilationUnit.java:927)
	at org.codehaus.groovy.control.CompilationUnit.doPhaseOperation(CompilationUnit.java:574)
	at org.codehaus.groovy.control.CompilationUnit.compile(CompilationUnit.java:523)
	at org.codehaus.groovy.control.CompilationUnit.compile(CompilationUnit.java:506)
	at org.codehaus.groovy.tools.FileSystemCompiler.compile(FileSystemCompiler.java:59)
	at org.codehaus.groovy.tools.FileSystemCompiler.doCompilation(FileSystemCompiler.java:215)
	at org.codehaus.groovy.ant.Groovyc.runCompiler(Groovyc.java:1104)
	at org.codehaus.groovy.ant.Groovyc.compile(Groovyc.java:1155)
	at org.codehaus.groovy.ant.Groovyc.execute(Groovyc.java:770)
	at org.apache.tools.ant.UnknownElement.execute(UnknownElement.java:291)
	at org.apache.tools.ant.dispatch.DispatchUtils.execute(DispatchUtils.java:106)
	at java.lang.Thread.run(Thread.java:722)
2014-05-15 18:19:15,134 [http-bio-8080-exec-6] ERROR StackTrace  - Full Stack Trace:
org.codehaus.groovy.control.MultipleCompilationErrorsException: startup failed:
/home/mansi/projects/fileUploadAjaxDemo/grails-app/controllers/fileuploadajaxdemo/DemoController.groovy: 9: unable to resolve class BillingIssuesCO 
 @ line 9, column 39.
   //    def submitReportMisappliedPayment(BillingIssuesCO billingIssuesCO) {
                                         ^

/home/mansi/projects/fileUploadAjaxDemo/grails-app/controllers/fileuploadajaxdemo/DemoController.groovy: 10: unable to resolve class ValidationResult 
 @ line 10, column 26.
   //        ValidationResult validationResult = billingDetailManager.validateAndSubmitReportMisappliedPayment(billingIssuesCO, guid)
                            ^

/home/mansi/projects/fileUploadAjaxDemo/grails-app/controllers/fileuploadajaxdemo/DemoController.groovy: 12: unable to resolve class BillingIssue 
 @ line 12, column 26.
   //            BillingIssue billingIssue = billingIssuesCO.convertToBillingIssueClassObject(billingIssuesCO, BillingIssueKind.ISSUEKIND_PAYMENTS_MISAPPLIED)
                            ^

3 errors

	at org.codehaus.groovy.control.ErrorCollector.failIfErrors(ErrorCollector.java:309)
	at org.codehaus.groovy.control.CompilationUnit.applyToSourceUnits(CompilationUnit.java:927)
	at org.codehaus.groovy.control.CompilationUnit.doPhaseOperation(CompilationUnit.java:574)
	at org.codehaus.groovy.control.CompilationUnit.compile(CompilationUnit.java:523)
	at org.codehaus.groovy.control.CompilationUnit.compile(CompilationUnit.java:506)
	at org.codehaus.groovy.tools.FileSystemCompiler.compile(FileSystemCompiler.java:59)
	at org.codehaus.groovy.tools.FileSystemCompiler.doCompilation(FileSystemCompiler.java:215)
	at org.codehaus.groovy.ant.Groovyc.runCompiler(Groovyc.java:1104)
	at org.codehaus.groovy.ant.Groovyc.compile(Groovyc.java:1155)
	at org.codehaus.groovy.ant.Groovyc.execute(Groovyc.java:770)
	at org.apache.tools.ant.UnknownElement.execute(UnknownElement.java:291)
	at org.apache.tools.ant.dispatch.DispatchUtils.execute(DispatchUtils.java:106)
	at java.lang.Thread.run(Thread.java:722)
2014-05-15 18:19:15,135 [http-bio-8080-exec-6] ERROR StackTrace  - Full Stack Trace:
org.codehaus.groovy.control.MultipleCompilationErrorsException: startup failed:
/home/mansi/projects/fileUploadAjaxDemo/grails-app/controllers/fileuploadajaxdemo/DemoController.groovy: 9: unable to resolve class BillingIssuesCO 
 @ line 9, column 39.
   //    def submitReportMisappliedPayment(BillingIssuesCO billingIssuesCO) {
                                         ^

/home/mansi/projects/fileUploadAjaxDemo/grails-app/controllers/fileuploadajaxdemo/DemoController.groovy: 10: unable to resolve class ValidationResult 
 @ line 10, column 26.
   //        ValidationResult validationResult = billingDetailManager.validateAndSubmitReportMisappliedPayment(billingIssuesCO, guid)
                            ^

/home/mansi/projects/fileUploadAjaxDemo/grails-app/controllers/fileuploadajaxdemo/DemoController.groovy: 12: unable to resolve class BillingIssue 
 @ line 12, column 26.
   //            BillingIssue billingIssue = billingIssuesCO.convertToBillingIssueClassObject(billingIssuesCO, BillingIssueKind.ISSUEKIND_PAYMENTS_MISAPPLIED)
                            ^

3 errors

	at org.codehaus.groovy.control.ErrorCollector.failIfErrors(ErrorCollector.java:309)
	at org.codehaus.groovy.control.CompilationUnit.applyToSourceUnits(CompilationUnit.java:927)
	at org.codehaus.groovy.control.CompilationUnit.doPhaseOperation(CompilationUnit.java:574)
	at org.codehaus.groovy.control.CompilationUnit.compile(CompilationUnit.java:523)
	at org.codehaus.groovy.control.CompilationUnit.compile(CompilationUnit.java:506)
	at org.codehaus.groovy.tools.FileSystemCompiler.compile(FileSystemCompiler.java:59)
	at org.codehaus.groovy.tools.FileSystemCompiler.doCompilation(FileSystemCompiler.java:215)
	at org.codehaus.groovy.ant.Groovyc.runCompiler(Groovyc.java:1104)
	at org.codehaus.groovy.ant.Groovyc.compile(Groovyc.java:1155)
	at org.codehaus.groovy.ant.Groovyc.execute(Groovyc.java:770)
	at org.apache.tools.ant.UnknownElement.execute(UnknownElement.java:291)
	at org.apache.tools.ant.dispatch.DispatchUtils.execute(DispatchUtils.java:106)
	at java.lang.Thread.run(Thread.java:722)
2014-05-15 18:19:15,138 [http-bio-8080-exec-6] ERROR StackTrace  - Full Stack Trace:
org.codehaus.groovy.control.MultipleCompilationErrorsException: startup failed:
/home/mansi/projects/fileUploadAjaxDemo/grails-app/controllers/fileuploadajaxdemo/DemoController.groovy: 9: unable to resolve class BillingIssuesCO 
 @ line 9, column 39.
   //    def submitReportMisappliedPayment(BillingIssuesCO billingIssuesCO) {
                                         ^

/home/mansi/projects/fileUploadAjaxDemo/grails-app/controllers/fileuploadajaxdemo/DemoController.groovy: 10: unable to resolve class ValidationResult 
 @ line 10, column 26.
   //        ValidationResult validationResult = billingDetailManager.validateAndSubmitReportMisappliedPayment(billingIssuesCO, guid)
                            ^

/home/mansi/projects/fileUploadAjaxDemo/grails-app/controllers/fileuploadajaxdemo/DemoController.groovy: 12: unable to resolve class BillingIssue 
 @ line 12, column 26.
   //            BillingIssue billingIssue = billingIssuesCO.convertToBillingIssueClassObject(billingIssuesCO, BillingIssueKind.ISSUEKIND_PAYMENTS_MISAPPLIED)
                            ^

3 errors

	at org.codehaus.groovy.control.ErrorCollector.failIfErrors(ErrorCollector.java:309)
	at org.codehaus.groovy.control.CompilationUnit.applyToSourceUnits(CompilationUnit.java:927)
	at org.codehaus.groovy.control.CompilationUnit.doPhaseOperation(CompilationUnit.java:574)
	at org.codehaus.groovy.control.CompilationUnit.compile(CompilationUnit.java:523)
	at org.codehaus.groovy.control.CompilationUnit.compile(CompilationUnit.java:506)
	at org.codehaus.groovy.tools.FileSystemCompiler.compile(FileSystemCompiler.java:59)
	at org.codehaus.groovy.tools.FileSystemCompiler.doCompilation(FileSystemCompiler.java:215)
	at org.codehaus.groovy.ant.Groovyc.runCompiler(Groovyc.java:1104)
	at org.codehaus.groovy.ant.Groovyc.compile(Groovyc.java:1155)
	at org.codehaus.groovy.ant.Groovyc.execute(Groovyc.java:770)
	at org.apache.tools.ant.UnknownElement.execute(UnknownElement.java:291)
	at org.apache.tools.ant.dispatch.DispatchUtils.execute(DispatchUtils.java:106)
	at java.lang.Thread.run(Thread.java:722)
2014-05-15 18:19:15,138 [http-bio-8080-exec-6] ERROR StackTrace  - Full Stack Trace:
org.codehaus.groovy.control.MultipleCompilationErrorsException: startup failed:
/home/mansi/projects/fileUploadAjaxDemo/grails-app/controllers/fileuploadajaxdemo/DemoController.groovy: 9: unable to resolve class BillingIssuesCO 
 @ line 9, column 39.
   //    def submitReportMisappliedPayment(BillingIssuesCO billingIssuesCO) {
                                         ^

/home/mansi/projects/fileUploadAjaxDemo/grails-app/controllers/fileuploadajaxdemo/DemoController.groovy: 10: unable to resolve class ValidationResult 
 @ line 10, column 26.
   //        ValidationResult validationResult = billingDetailManager.validateAndSubmitReportMisappliedPayment(billingIssuesCO, guid)
                            ^

/home/mansi/projects/fileUploadAjaxDemo/grails-app/controllers/fileuploadajaxdemo/DemoController.groovy: 12: unable to resolve class BillingIssue 
 @ line 12, column 26.
   //            BillingIssue billingIssue = billingIssuesCO.convertToBillingIssueClassObject(billingIssuesCO, BillingIssueKind.ISSUEKIND_PAYMENTS_MISAPPLIED)
                            ^

3 errors

	at org.codehaus.groovy.control.ErrorCollector.failIfErrors(ErrorCollector.java:309)
	at org.codehaus.groovy.control.CompilationUnit.applyToSourceUnits(CompilationUnit.java:927)
	at org.codehaus.groovy.control.CompilationUnit.doPhaseOperation(CompilationUnit.java:574)
	at org.codehaus.groovy.control.CompilationUnit.compile(CompilationUnit.java:523)
	at org.codehaus.groovy.control.CompilationUnit.compile(CompilationUnit.java:506)
	at org.codehaus.groovy.tools.FileSystemCompiler.compile(FileSystemCompiler.java:59)
	at org.codehaus.groovy.tools.FileSystemCompiler.doCompilation(FileSystemCompiler.java:215)
	at org.codehaus.groovy.ant.Groovyc.runCompiler(Groovyc.java:1104)
	at org.codehaus.groovy.ant.Groovyc.compile(Groovyc.java:1155)
	at org.codehaus.groovy.ant.Groovyc.execute(Groovyc.java:770)
	at org.apache.tools.ant.UnknownElement.execute(UnknownElement.java:291)
	at org.apache.tools.ant.dispatch.DispatchUtils.execute(DispatchUtils.java:106)
	at java.lang.Thread.run(Thread.java:722)
